2024-12-18 21:34:52,577 - INFO - Starting scheduler...
2024-12-18 21:34:52,585 - INFO - Node.js server started
2024-12-18 21:34:57,606 - INFO - React app started
2024-12-18 21:34:57,606 - INFO - Running initial scrape...
2024-12-18 21:34:57,606 - INFO - Starting scrapers...
2024-12-18 21:37:58,067 - INFO - Scraper output: Running combined scrapers...
Starting Landmark scraper...
Inserted 0 new properties.
Updated 131 existing properties.
Landmark: Scraped 131 properties.

Starting Hammer scraper...
Total slides for 3722 Magrath Road, Bellingham, WA 98226: 11 / 16
Found 16 images for 3722 Magrath Road, Bellingham, WA 98226
Scraped property: 3722 Magrath Road, Bellingham, WA 98226
Total slides for 2926 Moore Street, Bellingham, WA 98225: 11 / 24
Found 24 images for 2926 Moore Street, Bellingham, WA 98225
Scraped property: 2926 Moore Street, Bellingham, WA 98225
Total slides for 1200/1210 Billy Frank Jr Street - 1210 #201, Bellingham, WA 98225: 11 / 17
Found 17 images for 1200/1210 Billy Frank Jr Street - 1210 #201, Bellingham, WA 98225
Scraped property: 1200/1210 Billy Frank Jr Street - 1210 #201, Bellingham, WA 98225
Total slides for 1211 Jersey Street #201, Bellingham, WA 98225: 11 / 13
Found 13 images for 1211 Jersey Street #201, Bellingham, WA 98225
Scraped property: 1211 Jersey Street #201, Bellingham, WA 98225
Total slides for 1423 Toledo Street, Bellingham, WA 98229: 11 / 14
Found 14 images for 1423 Toledo Street, Bellingham, WA 98229
Scraped property: 1423 Toledo Street, Bellingham, WA 98229
Total slides for 1014 N Garden Street, Unit 2, Bellingham, WA 98225: 11 / 14
Found 14 images for 1014 N Garden Street, Unit 2, Bellingham, WA 98225
Scraped property: 1014 N Garden Street, Unit 2, Bellingham, WA 98225
Total slides for 1200/1210 Billy Frank Jr Street - 1210 #202, Bellingham, WA 98225: 11 / 15
Found 15 images for 1200/1210 Billy Frank Jr Street - 1210 #202, Bellingham, WA 98225
Scraped property: 1200/1210 Billy Frank Jr Street - 1210 #202, Bellingham, WA 98225
Total slides for 1200/1210 Billy Frank Jr Street - 1200 #105 Room 3, Bellingham, WA 98225: 11 / 23
Found 23 images for 1200/1210 Billy Frank Jr Street - 1200 #105 Room 3, Bellingham, WA 98225
Scraped property: 1200/1210 Billy Frank Jr Street - 1200 #105 Room 3, Bellingham, WA 98225
Total slides for 1122 N Forest Street  #B101, Bellingham, WA 98225: 9 / 9
Found 9 images for 1122 N Forest Street  #B101, Bellingham, WA 98225
Scraped property: 1122 N Forest Street  #B101, Bellingham, WA 98225
Total slides for 519 N Garden Street - #6 - Room 3, Bellingham, WA 98225: 11 / 15
Found 15 images for 519 N Garden Street - #6 - Room 3, Bellingham, WA 98225
Scraped property: 519 N Garden Street - #6 - Room 3, Bellingham, WA 98225
Total slides for 1200 Billy Frank Jr Street - #304, Bellingham, WA 98225: 11 / 15
Found 15 images for 1200 Billy Frank Jr Street - #304, Bellingham, WA 98225
Scraped property: 1200 Billy Frank Jr Street - #304, Bellingham, WA 98225
Total slides for 1200/1210 Billy Frank Jr Street - 1200 #105 Room 1, Bellingham, WA 98225: 11 / 22
Found 22 images for 1200/1210 Billy Frank Jr Street - 1200 #105 Room 1, Bellingham, WA 98225
Scraped property: 1200/1210 Billy Frank Jr Street - 1200 #105 Room 1, Bellingham, WA 98225
Total slides for 724 N Garden Street - BD #5 , Bellingham, WA 98225: 11 / 13
Found 13 images for 724 N Garden Street - BD #5 , Bellingham, WA 98225
Scraped property: 724 N Garden Street - BD #5 , Bellingham, WA 98225
Total slides for 519 N Garden Street - #6 - Room 2, Bellingham, WA 98225: 11 / 15
Found 15 images for 519 N Garden Street - #6 - Room 2, Bellingham, WA 98225
Scraped property: 519 N Garden Street - #6 - Room 2, Bellingham, WA 98225
Total slides for 1103 22nd St, Bellingham, WA 98225: 11 / 20
Found 20 images for 1103 22nd St, Bellingham, WA 98225
Scraped property: 1103 22nd St, Bellingham, WA 98225
Total slides for 1200/1210 Billy Frank Jr Street - 1200 #205 Room 1, Bellingham, WA 98225: 11 / 16
Found 16 images for 1200/1210 Billy Frank Jr Street - 1200 #205 Room 1, Bellingham, WA 98225
Scraped property: 1200/1210 Billy Frank Jr Street - 1200 #205 Room 1, Bellingham, WA 98225
Total slides for 1611 22nd St, Bellingham, WA 98225: 11 / 14
Found 14 images for 1611 22nd St, Bellingham, WA 98225
Scraped property: 1611 22nd St, Bellingham, WA 98225
Total slides for 3424 Abbott Street, Bellingham, WA 98225: 11 / 16
Found 16 images for 3424 Abbott Street, Bellingham, WA 98225
Scraped property: 3424 Abbott Street, Bellingham, WA 98225
Total slides for 1213 High Street #201, Bellingham, WA 98225: 9 / 9
Found 9 images for 1213 High Street #201, Bellingham, WA 98225
Scraped property: 1213 High Street #201, Bellingham, WA 98225
Total slides for 1106 High Street - #101, Bellingham, WA 98225: 10 / 10
Found 10 images for 1106 High Street - #101, Bellingham, WA 98225
Scraped property: 1106 High Street - #101, Bellingham, WA 98225
Total slides for 1900 Alabama Street - #2, Bellingham, WA 98229: 11 / 13
Found 13 images for 1900 Alabama Street - #2, Bellingham, WA 98229
Scraped property: 1900 Alabama Street - #2, Bellingham, WA 98229
Total slides for 1017/1019 N Garden Street - 1017 #B, Bellingham, WA 98225: 11 / 17
Found 17 images for 1017/1019 N Garden Street - 1017 #B, Bellingham, WA 98225
Scraped property: 1017/1019 N Garden Street - 1017 #B, Bellingham, WA 98225
Total slides for 1900 Alabama Street - #3, Bellingham, WA 98229: 11 / 12
Found 12 images for 1900 Alabama Street - #3, Bellingham, WA 98229
Scraped property: 1900 Alabama Street - #3, Bellingham, WA 98229
Total slides for 1900 Alabama Street - #9, Bellingham, WA 98229: 11 / 13
Found 13 images for 1900 Alabama Street - #9, Bellingham, WA 98229
Scraped property: 1900 Alabama Street - #9, Bellingham, WA 98229
Inserted 0 new properties.
Updated 24 existing properties.
Hammer: Scraped 24 properties.

2024-12-18 21:37:58,067 - INFO - Scraper finished at 2024-12-18 21:37:58.067958
2024-12-18 21:37:58,067 - INFO - Scheduler running. Press Ctrl+C to exit.
2024-12-18 22:08:40,879 - INFO - Shutting down...
2024-12-18 22:08:40,895 - INFO - Shutdown complete
